<?xml version="1.0" encoding="UTF-8"?>
<!-- Generated by org.testng.reporters.JUnitReportReporter -->
<testsuite hostname="DESKTOP-L6T8544" failures="0" tests="1" name="com.comcast.crm.generic.contacttest.CreateContactTest" time="26.105" errors="0" timestamp="2025-03-10T14:38:09 IST" skipped="0">
  <testcase classname="com.comcast.crm.generic.contacttest.CreateContactTest" name="createContactTest" time="26.105"/>
  <system-out>
    <![CDATA[===connect to DB, Report configuration===
Pre-condition
Post-condition
Closed the database connection, report back up]]>
  </system-out>
</testsuite> <!-- com.comcast.crm.generic.contacttest.CreateContactTest -->
