<?xml version="1.0" encoding="UTF-8"?>
<!-- Generated by org.testng.reporters.JUnitReportReporter -->
<testsuite hostname="DESKTOP-L6T8544" failures="0" tests="1" name="com.comcast.crm.generic.orgtest.CreateOrgnizationTest" time="72.085" errors="0" timestamp="2025-03-17T09:38:40 IST" skipped="0">
  <testcase classname="com.comcast.crm.generic.orgtest.CreateOrgnizationTest" name="createOrgnizationTest" time="72.085"/>
  <system-out/>
</testsuite> <!-- com.comcast.crm.generic.orgtest.CreateOrgnizationTest -->
